[debug] [2022-06-13T08:26:56.981Z] ----------------------------------------------------------------------
[debug] [2022-06-13T08:26:56.983Z] Command:       C:\Program Files\nodejs\node.exe C:\Users\USUARIO\AppData\Roaming\npm\node_modules\firebase-tools\lib\bin\firebase.js init
[debug] [2022-06-13T08:26:56.984Z] CLI Version:   11.0.1
[debug] [2022-06-13T08:26:56.984Z] Platform:      win32
[debug] [2022-06-13T08:26:56.984Z] Node Version:  v16.15.0
[debug] [2022-06-13T08:26:56.985Z] Time:          Mon Jun 13 2022 03:26:56 GMT-0500 (hora estándar de Perú)
[debug] [2022-06-13T08:26:56.985Z] ----------------------------------------------------------------------
[debug] 
[debug] [2022-06-13T08:26:56.989Z] >>> [apiv2][query] GET https://firebase-public.firebaseio.com/cli.json [none]
[debug] [2022-06-13T08:26:57.013Z] > command requires scopes: ["email","openid","https://www.googleapis.com/auth/cloudplatformprojects.readonly","https://www.googleapis.com/auth/firebase","https://www.googleapis.com/auth/cloud-platform"]
[debug] [2022-06-13T08:26:57.013Z] > authorizing via signed-in user (orland20161@gmail.com)
[info] 
     ######## #### ########  ######## ########     ###     ######  ########
     ##        ##  ##     ## ##       ##     ##  ##   ##  ##       ##
     ######    ##  ########  ######   ########  #########  ######  ######
     ##        ##  ##    ##  ##       ##     ## ##     ##       ## ##
     ##       #### ##     ## ######## ########  ##     ##  ######  ########

You're about to initialize a Firebase project in this directory:

  D:\proyectos-frontend\intercorp-ratail\lista-app

[debug] [2022-06-13T08:26:57.475Z] <<< [apiv2][status] GET https://firebase-public.firebaseio.com/cli.json 200
[debug] [2022-06-13T08:26:57.476Z] <<< [apiv2][body] GET https://firebase-public.firebaseio.com/cli.json {"cloudBuildErrorAfter":1594252800000,"cloudBuildWarnAfter":1590019200000,"defaultNode10After":1594252800000,"minVersion":"3.0.5","node8DeploysDisabledAfter":1613390400000,"node8RuntimeDisabledAfter":1615809600000,"node8WarnAfter":1600128000000}
